[2026-06-14 04.01.41] [INFO] ============================================================
[2026-06-14 04.01.41] [INFO] ItemManager session started
[2026-06-14 04.01.41] [INFO] Log file: H:\Pelit\PotS_JASS\WC3_Database\WC3ItemManager\bin\Debug\net8.0-windows\logs\ItemManager_2026-06-14_040141.log
[2026-06-14 04.01.41] [INFO] ============================================================
[2026-06-14 04.01.41] [INFO] Loaded tooltip phrases: 6 rarities, 7 classes, 24 stats
[2026-06-14 04.01.49] [INFO] Updated item: i69h - Lightning Strike
[2026-06-14 04.02.05] [INFO] Updated item: i69h - Lightning Strike
[2026-06-14 04.02.22] [INFO] Updated item: i69k - Chain Lightning
[2026-06-14 04.02.42] [INFO] Updated item: i69s - Stormstrike
[2026-06-14 04.03.10] [INFO] Updated item: i69x - Voodoo Curse
[2026-06-14 04.03.22] [INFO] Updated item: i69y - Lightning Shield
[2026-06-14 04.03.43] [INFO] Updated item: i6aj - Stormcaller
[2026-06-14 04.04.10] [INFO] Updated item: i69v - Hex
[2026-06-14 04.04.24] [INFO] Updated item: i00a - Primal Force
[2026-06-14 04.04.35] [INFO] Updated item: i69l - Earth Totem
[2026-06-14 04.04.49] [INFO] Updated item: i69m - Water Totem
[2026-06-14 04.05.15] [INFO] Updated item: i69n - Fire Totem
[2026-06-14 04.05.31] [INFO] Updated item: i69o - Wind Totem
[2026-06-14 04.05.51] [INFO] Updated item: i69p - Earthbind Totem
[2026-06-14 04.06.11] [INFO] Updated item: i69q - Skyfury Totem
[2026-06-14 04.07.41] [INFO] Updated item: i69r - Windfury Totem
[2026-06-14 04.07.56] [INFO] Updated item: i6a3 - Stoneskin Totem
[2026-06-14 04.08.09] [INFO] Updated item: i6ag - Totemic Resurgence
[2026-06-14 04.08.22] [INFO] Updated item: i6ah - Totemist
[2026-06-14 04.08.36] [INFO] Updated item: i6ao - Totem Master
[2026-06-14 04.08.50] [INFO] Updated item: i6aq - Cleansing Totem
[2026-06-14 04.08.58] [INFO] Exported W3T file: H:\Pelit\PotS_JASS\WC3_Database\exports\ItemData_20260614_040858.w3t
